<?xml version="1.0" encoding="UTF-8"?>
<testsuite name="com.jdbc.practice.connection.ConnectionTest" tests="1" skipped="0" failures="0" errors="0" timestamp="2023-10-26T16:32:36" hostname="dosohyeon-ui-MacBookAir.local" time="1.102">
  <properties/>
  <testcase name="dataSourceConnectionPool()" classname="com.jdbc.practice.connection.ConnectionTest" time="1.102"/>
  <system-out><![CDATA[01:32:36.971 [Test worker] DEBUG com.zaxxer.hikari.HikariConfig - MyPool - configuration:
01:32:36.974 [Test worker] DEBUG com.zaxxer.hikari.HikariConfig - allowPoolSuspension................................false
01:32:36.974 [Test worker] DEBUG com.zaxxer.hikari.HikariConfig - autoCommit................................true
01:32:36.974 [Test worker] DEBUG com.zaxxer.hikari.HikariConfig - catalog................................none
01:32:36.974 [Test worker] DEBUG com.zaxxer.hikari.HikariConfig - connectionInitSql................................none
01:32:36.975 [Test worker] DEBUG com.zaxxer.hikari.HikariConfig - connectionTestQuery................................none
01:32:36.975 [Test worker] DEBUG com.zaxxer.hikari.HikariConfig - connectionTimeout................................30000
01:32:36.975 [Test worker] DEBUG com.zaxxer.hikari.HikariConfig - dataSource................................none
01:32:36.975 [Test worker] DEBUG com.zaxxer.hikari.HikariConfig - dataSourceClassName................................none
01:32:36.975 [Test worker] DEBUG com.zaxxer.hikari.HikariConfig - dataSourceJNDI................................none
01:32:36.975 [Test worker] DEBUG com.zaxxer.hikari.HikariConfig - dataSourceProperties................................{password=<masked>}
01:32:36.976 [Test worker] DEBUG com.zaxxer.hikari.HikariConfig - driverClassName................................none
01:32:36.976 [Test worker] DEBUG com.zaxxer.hikari.HikariConfig - exceptionOverrideClassName................................none
01:32:36.976 [Test worker] DEBUG com.zaxxer.hikari.HikariConfig - healthCheckProperties................................{}
01:32:36.976 [Test worker] DEBUG com.zaxxer.hikari.HikariConfig - healthCheckRegistry................................none
01:32:36.976 [Test worker] DEBUG com.zaxxer.hikari.HikariConfig - idleTimeout................................600000
01:32:36.976 [Test worker] DEBUG com.zaxxer.hikari.HikariConfig - initializationFailTimeout................................1
01:32:36.976 [Test worker] DEBUG com.zaxxer.hikari.HikariConfig - isolateInternalQueries................................false
01:32:36.976 [Test worker] DEBUG com.zaxxer.hikari.HikariConfig - jdbcUrl................................jdbc:h2:tcp://localhost/~/test
01:32:36.976 [Test worker] DEBUG com.zaxxer.hikari.HikariConfig - keepaliveTime................................0
01:32:36.976 [Test worker] DEBUG com.zaxxer.hikari.HikariConfig - leakDetectionThreshold................................0
01:32:36.976 [Test worker] DEBUG com.zaxxer.hikari.HikariConfig - maxLifetime................................1800000
01:32:36.976 [Test worker] DEBUG com.zaxxer.hikari.HikariConfig - maximumPoolSize................................10
01:32:36.976 [Test worker] DEBUG com.zaxxer.hikari.HikariConfig - metricRegistry................................none
01:32:36.976 [Test worker] DEBUG com.zaxxer.hikari.HikariConfig - metricsTrackerFactory................................none
01:32:36.977 [Test worker] DEBUG com.zaxxer.hikari.HikariConfig - minimumIdle................................10
01:32:36.977 [Test worker] DEBUG com.zaxxer.hikari.HikariConfig - password................................<masked>
01:32:36.977 [Test worker] DEBUG com.zaxxer.hikari.HikariConfig - poolName................................"MyPool"
01:32:36.977 [Test worker] DEBUG com.zaxxer.hikari.HikariConfig - readOnly................................false
01:32:36.977 [Test worker] DEBUG com.zaxxer.hikari.HikariConfig - registerMbeans................................false
01:32:36.977 [Test worker] DEBUG com.zaxxer.hikari.HikariConfig - scheduledExecutor................................none
01:32:36.977 [Test worker] DEBUG com.zaxxer.hikari.HikariConfig - schema................................none
01:32:36.977 [Test worker] DEBUG com.zaxxer.hikari.HikariConfig - threadFactory................................internal
01:32:36.977 [Test worker] DEBUG com.zaxxer.hikari.HikariConfig - transactionIsolation................................default
01:32:36.977 [Test worker] DEBUG com.zaxxer.hikari.HikariConfig - username................................"sa"
01:32:36.977 [Test worker] DEBUG com.zaxxer.hikari.HikariConfig - validationTimeout................................5000
01:32:36.977 [Test worker] INFO com.zaxxer.hikari.HikariDataSource - MyPool - Starting...
01:32:36.983 [Test worker] DEBUG com.zaxxer.hikari.util.DriverDataSource - Loaded driver with class name org.h2.Driver for jdbcUrl=jdbc:h2:tcp://localhost/~/test
01:32:37.053 [Test worker] DEBUG com.zaxxer.hikari.pool.HikariPool - MyPool - Added connection conn0: url=jdbc:h2:tcp://localhost/~/test user=SA
01:32:37.054 [Test worker] INFO com.zaxxer.hikari.HikariDataSource - MyPool - Start completed.
01:32:37.060 [MyPool connection adder] DEBUG com.zaxxer.hikari.pool.HikariPool - MyPool - Added connection conn1: url=jdbc:h2:tcp://localhost/~/test user=SA
01:32:37.060 [Test worker] INFO com.jdbc.practice.connection.ConnectionTest - connection=HikariProxyConnection@1209770703 wrapping conn0: url=jdbc:h2:tcp://localhost/~/test user=SA, class=class com.zaxxer.hikari.pool.HikariProxyConnection
01:32:37.060 [Test worker] INFO com.jdbc.practice.connection.ConnectionTest - connection=HikariProxyConnection@1186339926 wrapping conn1: url=jdbc:h2:tcp://localhost/~/test user=SA, class=class com.zaxxer.hikari.pool.HikariProxyConnection
01:32:37.158 [MyPool housekeeper] DEBUG com.zaxxer.hikari.pool.HikariPool - MyPool - Pool stats (total=2, active=2, idle=0, waiting=0)
01:32:37.164 [MyPool connection adder] DEBUG com.zaxxer.hikari.pool.HikariPool - MyPool - Added connection conn2: url=jdbc:h2:tcp://localhost/~/test user=SA
01:32:37.168 [MyPool connection adder] DEBUG com.zaxxer.hikari.pool.HikariPool - MyPool - Added connection conn3: url=jdbc:h2:tcp://localhost/~/test user=SA
01:32:37.172 [MyPool connection adder] DEBUG com.zaxxer.hikari.pool.HikariPool - MyPool - Added connection conn4: url=jdbc:h2:tcp://localhost/~/test user=SA
01:32:37.175 [MyPool connection adder] DEBUG com.zaxxer.hikari.pool.HikariPool - MyPool - Added connection conn5: url=jdbc:h2:tcp://localhost/~/test user=SA
01:32:37.178 [MyPool connection adder] DEBUG com.zaxxer.hikari.pool.HikariPool - MyPool - Added connection conn6: url=jdbc:h2:tcp://localhost/~/test user=SA
01:32:37.180 [MyPool connection adder] DEBUG com.zaxxer.hikari.pool.HikariPool - MyPool - Added connection conn7: url=jdbc:h2:tcp://localhost/~/test user=SA
01:32:37.183 [MyPool connection adder] DEBUG com.zaxxer.hikari.pool.HikariPool - MyPool - Added connection conn8: url=jdbc:h2:tcp://localhost/~/test user=SA
01:32:37.185 [MyPool connection adder] DEBUG com.zaxxer.hikari.pool.HikariPool - MyPool - Added connection conn9: url=jdbc:h2:tcp://localhost/~/test user=SA
01:32:37.185 [MyPool connection adder] DEBUG com.zaxxer.hikari.pool.HikariPool - MyPool - After adding stats (total=10, active=2, idle=8, waiting=0)
]]></system-out>
  <system-err><![CDATA[]]></system-err>
</testsuite>
